CRITICAL - 2024-12-18 14:32:39 --> Exception: Erro ao executar a requisição cURL: Failed to connect to 177.69.134.49 port 443: Timed out
[Method: GET, Route: detalhada/historicoExamesImagemPaciente]
in APPPATH\Views\ocupacao_detalhada\setores\leitos\historico_exames_imagem_paciente.php on line 43.
 1 APPPATH\Views\ocupacao_detalhada\setores\leitos\historico_exames_imagem_paciente.php(114): retornaTokenPacs('10510604')
 2 SYSTEMPATH\View\View.php(234): include('C:\\laragon\\www\\app\\app\\Views\\ocupacao_detalhada\\setores\\leitos\\historico_exames_imagem_paciente.php')
 3 SYSTEMPATH\View\View.php(237): CodeIgniter\View\View->CodeIgniter\View\{closure}()
 4 SYSTEMPATH\Common.php(1171): CodeIgniter\View\View->render('ocupacao_detalhada/setores/leitos/historico_exames_imagem_paciente.php', [], true)
 5 APPPATH\Views\templates\template_padrao.php(92): view('ocupacao_detalhada/setores/leitos/historico_exames_imagem_paciente.php')
 6 SYSTEMPATH\View\View.php(234): include('C:\\laragon\\www\\app\\app\\Views\\templates\\template_padrao.php')
 7 SYSTEMPATH\View\View.php(237): CodeIgniter\View\View->CodeIgniter\View\{closure}()
 8 SYSTEMPATH\Common.php(1171): CodeIgniter\View\View->render('templates/template_padrao.php', [], true)
 9 APPPATH\Controllers\Detalhada.php(754): view('templates/template_padrao.php', [...])
10 SYSTEMPATH\CodeIgniter.php(933): App\Controllers\Detalhada->historicoExamesImagemPaciente()
11 SYSTEMPATH\CodeIgniter.php(509): CodeIgniter\CodeIgniter->runController(Object(App\Controllers\Detalhada))
12 SYSTEMPATH\CodeIgniter.php(355): CodeIgniter\CodeIgniter->handleRequest(null, Object(Config\Cache), false)
13 SYSTEMPATH\Boot.php(325): CodeIgniter\CodeIgniter->run()
14 SYSTEMPATH\Boot.php(67): CodeIgniter\Boot::runCodeIgniter(Object(CodeIgniter\CodeIgniter))
15 FCPATH\index.php(56): CodeIgniter\Boot::bootWeb(Object(Config\Paths))
CRITICAL - 2024-12-18 15:14:28 --> Exception: Erro ao executar a requisição cURL: Failed to connect to 177.69.134.49 port 443: Timed out
[Method: GET, Route: detalhada/historicoExamesImagemPaciente]
in APPPATH\Views\ocupacao_detalhada\setores\leitos\historico_exames_imagem_paciente.php on line 43.
 1 APPPATH\Views\ocupacao_detalhada\setores\leitos\historico_exames_imagem_paciente.php(114): retornaTokenPacs('10510604')
 2 SYSTEMPATH\View\View.php(234): include('C:\\laragon\\www\\app\\app\\Views\\ocupacao_detalhada\\setores\\leitos\\historico_exames_imagem_paciente.php')
 3 SYSTEMPATH\View\View.php(237): CodeIgniter\View\View->CodeIgniter\View\{closure}()
 4 SYSTEMPATH\Common.php(1171): CodeIgniter\View\View->render('ocupacao_detalhada/setores/leitos/historico_exames_imagem_paciente.php', [], true)
 5 APPPATH\Views\templates\template_padrao.php(92): view('ocupacao_detalhada/setores/leitos/historico_exames_imagem_paciente.php')
 6 SYSTEMPATH\View\View.php(234): include('C:\\laragon\\www\\app\\app\\Views\\templates\\template_padrao.php')
 7 SYSTEMPATH\View\View.php(237): CodeIgniter\View\View->CodeIgniter\View\{closure}()
 8 SYSTEMPATH\Common.php(1171): CodeIgniter\View\View->render('templates/template_padrao.php', [], true)
 9 APPPATH\Controllers\Detalhada.php(754): view('templates/template_padrao.php', [...])
10 SYSTEMPATH\CodeIgniter.php(933): App\Controllers\Detalhada->historicoExamesImagemPaciente()
11 SYSTEMPATH\CodeIgniter.php(509): CodeIgniter\CodeIgniter->runController(Object(App\Controllers\Detalhada))
12 SYSTEMPATH\CodeIgniter.php(355): CodeIgniter\CodeIgniter->handleRequest(null, Object(Config\Cache), false)
13 SYSTEMPATH\Boot.php(325): CodeIgniter\CodeIgniter->run()
14 SYSTEMPATH\Boot.php(67): CodeIgniter\Boot::runCodeIgniter(Object(CodeIgniter\CodeIgniter))
15 FCPATH\index.php(56): CodeIgniter\Boot::bootWeb(Object(Config\Paths))
INFO - 2024-12-18 15:15:32 --> Session: Class initialized using 'CodeIgniter\Session\Handlers\FileHandler' driver.
CRITICAL - 2024-12-18 15:15:54 --> Exception: Erro ao executar a requisição cURL: Failed to connect to 177.69.134.49 port 443: Timed out
[Method: GET, Route: detalhada/historicoExamesImagemPaciente]
in APPPATH\Views\ocupacao_detalhada\setores\leitos\historico_exames_imagem_paciente.php on line 43.
 1 APPPATH\Views\ocupacao_detalhada\setores\leitos\historico_exames_imagem_paciente.php(114): retornaTokenPacs('10510604')
 2 SYSTEMPATH\View\View.php(234): include('C:\\laragon\\www\\app\\app\\Views\\ocupacao_detalhada\\setores\\leitos\\historico_exames_imagem_paciente.php')
 3 SYSTEMPATH\View\View.php(237): CodeIgniter\View\View->CodeIgniter\View\{closure}()
 4 SYSTEMPATH\Common.php(1171): CodeIgniter\View\View->render('ocupacao_detalhada/setores/leitos/historico_exames_imagem_paciente.php', [], true)
 5 APPPATH\Views\templates\template_padrao.php(92): view('ocupacao_detalhada/setores/leitos/historico_exames_imagem_paciente.php')
 6 SYSTEMPATH\View\View.php(234): include('C:\\laragon\\www\\app\\app\\Views\\templates\\template_padrao.php')
 7 SYSTEMPATH\View\View.php(237): CodeIgniter\View\View->CodeIgniter\View\{closure}()
 8 SYSTEMPATH\Common.php(1171): CodeIgniter\View\View->render('templates/template_padrao.php', [], true)
 9 APPPATH\Controllers\Detalhada.php(754): view('templates/template_padrao.php', [...])
10 SYSTEMPATH\CodeIgniter.php(933): App\Controllers\Detalhada->historicoExamesImagemPaciente()
11 SYSTEMPATH\CodeIgniter.php(509): CodeIgniter\CodeIgniter->runController(Object(App\Controllers\Detalhada))
12 SYSTEMPATH\CodeIgniter.php(355): CodeIgniter\CodeIgniter->handleRequest(null, Object(Config\Cache), false)
13 SYSTEMPATH\Boot.php(325): CodeIgniter\CodeIgniter->run()
14 SYSTEMPATH\Boot.php(67): CodeIgniter\Boot::runCodeIgniter(Object(CodeIgniter\CodeIgniter))
15 FCPATH\index.php(56): CodeIgniter\Boot::bootWeb(Object(Config\Paths))
INFO - 2024-12-18 15:18:59 --> Session: Class initialized using 'CodeIgniter\Session\Handlers\FileHandler' driver.
INFO - 2024-12-18 15:19:01 --> Session: Class initialized using 'CodeIgniter\Session\Handlers\FileHandler' driver.
INFO - 2024-12-18 15:19:02 --> Session: Class initialized using 'CodeIgniter\Session\Handlers\FileHandler' driver.
INFO - 2024-12-18 15:19:03 --> Session: Class initialized using 'CodeIgniter\Session\Handlers\FileHandler' driver.
INFO - 2024-12-18 15:19:14 --> Session: Class initialized using 'CodeIgniter\Session\Handlers\FileHandler' driver.
INFO - 2024-12-18 15:19:15 --> Session: Class initialized using 'CodeIgniter\Session\Handlers\FileHandler' driver.
INFO - 2024-12-18 15:19:16 --> Session: Class initialized using 'CodeIgniter\Session\Handlers\FileHandler' driver.
INFO - 2024-12-18 15:19:17 --> Session: Class initialized using 'CodeIgniter\Session\Handlers\FileHandler' driver.
INFO - 2024-12-18 15:19:23 --> Session: Class initialized using 'CodeIgniter\Session\Handlers\FileHandler' driver.
CRITICAL - 2024-12-18 15:19:45 --> Exception: Erro ao executar a requisição cURL: Failed to connect to 177.69.134.49 port 443: Timed out
[Method: GET, Route: detalhada/historicoExamesImagemPaciente]
in APPPATH\Views\ocupacao_detalhada\setores\leitos\historico_exames_imagem_paciente.php on line 45.
 1 APPPATH\Views\ocupacao_detalhada\setores\leitos\historico_exames_imagem_paciente.php(116): retornaTokenPacs('10510605')
 2 SYSTEMPATH\View\View.php(234): include('C:\\laragon\\www\\app\\app\\Views\\ocupacao_detalhada\\setores\\leitos\\historico_exames_imagem_paciente.php')
 3 SYSTEMPATH\View\View.php(237): CodeIgniter\View\View->CodeIgniter\View\{closure}()
 4 SYSTEMPATH\Common.php(1171): CodeIgniter\View\View->render('ocupacao_detalhada/setores/leitos/historico_exames_imagem_paciente.php', [], true)
 5 APPPATH\Views\templates\template_padrao.php(92): view('ocupacao_detalhada/setores/leitos/historico_exames_imagem_paciente.php')
 6 SYSTEMPATH\View\View.php(234): include('C:\\laragon\\www\\app\\app\\Views\\templates\\template_padrao.php')
 7 SYSTEMPATH\View\View.php(237): CodeIgniter\View\View->CodeIgniter\View\{closure}()
 8 SYSTEMPATH\Common.php(1171): CodeIgniter\View\View->render('templates/template_padrao.php', [], true)
 9 APPPATH\Controllers\Detalhada.php(754): view('templates/template_padrao.php', [...])
10 SYSTEMPATH\CodeIgniter.php(933): App\Controllers\Detalhada->historicoExamesImagemPaciente()
11 SYSTEMPATH\CodeIgniter.php(509): CodeIgniter\CodeIgniter->runController(Object(App\Controllers\Detalhada))
12 SYSTEMPATH\CodeIgniter.php(355): CodeIgniter\CodeIgniter->handleRequest(null, Object(Config\Cache), false)
13 SYSTEMPATH\Boot.php(325): CodeIgniter\CodeIgniter->run()
14 SYSTEMPATH\Boot.php(67): CodeIgniter\Boot::runCodeIgniter(Object(CodeIgniter\CodeIgniter))
15 FCPATH\index.php(56): CodeIgniter\Boot::bootWeb(Object(Config\Paths))
INFO - 2024-12-18 15:30:27 --> Session: Class initialized using 'CodeIgniter\Session\Handlers\FileHandler' driver.
INFO - 2024-12-18 15:30:29 --> Session: Class initialized using 'CodeIgniter\Session\Handlers\FileHandler' driver.
INFO - 2024-12-18 15:30:30 --> Session: Class initialized using 'CodeIgniter\Session\Handlers\FileHandler' driver.
INFO - 2024-12-18 15:31:28 --> Session: Class initialized using 'CodeIgniter\Session\Handlers\FileHandler' driver.
INFO - 2024-12-18 15:31:30 --> Session: Class initialized using 'CodeIgniter\Session\Handlers\FileHandler' driver.
INFO - 2024-12-18 15:31:31 --> Session: Class initialized using 'CodeIgniter\Session\Handlers\FileHandler' driver.
INFO - 2024-12-18 16:47:44 --> Session: Class initialized using 'CodeIgniter\Session\Handlers\FileHandler' driver.
INFO - 2024-12-18 16:47:45 --> Session: Class initialized using 'CodeIgniter\Session\Handlers\FileHandler' driver.
